<?xml version="1.0" encoding="UTF-8"?>
<testsuite xmlns:xsi="http://www.w3.org/2001/XMLSchema-instance" xsi:noNamespaceSchemaLocation="https://maven.apache.org/surefire/maven-surefire-plugin/xsd/surefire-test-report-3.0.xsd" version="3.0" name="ru.ibragim.AppTest" time="0.245" tests="3" errors="0" skipped="0" failures="0">
  <properties>
[...]
</properties>
  <testcase name="DFSTest" classname="ru.ibragim.AppTest" time="0.101">
    <system-out><![CDATA[BlockCount:	160
██████████████████████████████████████████
█             ▓ ▓    ▓ ▓          ▓     ▓█
█    ▓      ▓   ▓ ▓ ▓ ▓       ▓  ▓     ▓ █
█  ▓ ▓▓      ▓           S  ▓      ▓   ▓▓█
█  ▓▓  ▓          ▓                 ▓ ▓  █
█        ▓▓  ▓      ▓  ▓  ▓  ▓      ▓    █
█  ▓ ▓▓ ▓  ▓ ▓    ▓  ▓  ▓    ▓▓    ▓   ▓ █
█              ▓         ▓   ▓      ▓    █
█   ▓ ▓        ▓       ▓    ▓       ▓ ▓  █
█              ▓      ▓ ▓  ▓  ▓     ▓▓▓  █
█▓      ▓         ▓ ▓    ▓ ▓      ▓  ▓   █
█ ▓ ▓        ▓    ▓ ▓▓▓         ▓    ▓   █
█   ▓▓  ▓   ▓▓  E  ▓ ▓▓▓▓             ▓▓ █
█   ▓        ▓▓ ▓            ▓  ▓        █
█  ▓         ▓  ▓  ▓▓▓        ▓  ▓       █
█      ▓    ▓ ▓  ▓▓   ▓▓ ▓  ▓▓           █
█▓   ▓▓         ▓            ▓▓          █
█  ▓    ▓      ▓   ▓   ▓      ▓ ▓▓     ▓ █
█         ▓ ▓▓▓ ▓                     ▓  █
█▓        ▓▓  ▓▓  ▓▓     ▓   ▓  ▓ ▓ ▓ ▓  █
█   ▓                ▓       ▓     ▓     █
██████████████████████████████████████████
Start Deep solving
]]></system-out>
  </testcase>
  <testcase name="BFSTest" classname="ru.ibragim.AppTest" time="0.016">
    <system-out><![CDATA[BlockCount:	160
██████████████████████████████████████████
█             ▓ ▓    ▓ ▓          ▓     ▓█
█    ▓      ▓   ▓ ▓ ▓ ▓       ▓  ▓     ▓ █
█  ▓ ▓▓      ▓           S  ▓      ▓   ▓▓█
█  ▓▓  ▓          ▓                 ▓ ▓  █
█        ▓▓  ▓      ▓  ▓  ▓  ▓      ▓    █
█  ▓ ▓▓ ▓  ▓ ▓    ▓  ▓  ▓    ▓▓    ▓   ▓ █
█              ▓         ▓   ▓      ▓    █
█   ▓ ▓        ▓       ▓    ▓       ▓ ▓  █
█              ▓      ▓ ▓  ▓  ▓     ▓▓▓  █
█▓      ▓         ▓ ▓    ▓ ▓      ▓  ▓   █
█ ▓ ▓        ▓    ▓ ▓▓▓         ▓    ▓   █
█   ▓▓  ▓   ▓▓  E  ▓ ▓▓▓▓             ▓▓ █
█   ▓        ▓▓ ▓            ▓  ▓        █
█  ▓         ▓  ▓  ▓▓▓        ▓  ▓       █
█      ▓    ▓ ▓  ▓▓   ▓▓ ▓  ▓▓           █
█▓   ▓▓         ▓            ▓▓          █
█  ▓    ▓      ▓   ▓   ▓      ▓ ▓▓     ▓ █
█         ▓ ▓▓▓ ▓                     ▓  █
█▓        ▓▓  ▓▓  ▓▓     ▓   ▓  ▓ ▓ ▓ ▓  █
█   ▓                ▓       ▓     ▓     █
██████████████████████████████████████████
Start Wide solving
]]></system-out>
  </testcase>
  <testcase name="echoClassNames" classname="ru.ibragim.AppTest" time="0.005">
    <system-out><![CDATA[Turn:	ru.ibragim.model.Turn
Map:	ru.ibragim.model.Map
]]></system-out>
  </testcase>
</testsuite>